2025-03-10 13:30:06,350 DEBUG    root            Loaded Command Group: ['gcloud', 'components']
2025-03-10 13:30:06,354 DEBUG    root            Loaded Command Group: ['gcloud', 'components', 'update']
2025-03-10 13:30:06,356 DEBUG    root            Running [gcloud.components.update] with arguments: [--compile-python: "True", --quiet: "True", COMPONENT-IDS:6: "['core', 'gcloud-deps', 'bq', 'gcloud', 'gcloud-crc32c', 'gsutil']"]
2025-03-10 13:30:06,357 INFO     ___FILE_ONLY___ Beginning update. This process may take several minutes.

2025-03-10 13:30:06,398 DEBUG    urllib3.connectionpool Starting new HTTPS connection (1): dl.google.com:443
2025-03-10 13:30:06,414 DEBUG    urllib3.connectionpool https://dl.google.com:443 "GET /dl/cloudsdk/channels/rapid/components-2.json HTTP/11" 200 226132
2025-03-10 13:30:06,426 INFO     ___FILE_ONLY___ 

2025-03-10 13:30:06,426 INFO     ___FILE_ONLY___ 
Your current Google Cloud CLI version is: 513.0.0

2025-03-10 13:30:06,426 INFO     ___FILE_ONLY___ Installing components from version: 513.0.0

2025-03-10 13:30:06,426 INFO     ___FILE_ONLY___ 

2025-03-10 13:30:06,427 DEBUG    root            Chosen display Format:table[box,title="These components will be removed."](details.display_name:label=Name:align=left,version.version_string:label=Version:align=right,data.size.size(zero="",min=1048576):label=Size:align=right)
2025-03-10 13:30:06,427 DEBUG    root            Chosen display Format:table[box,title="These components will be updated."](details.display_name:label=Name:align=left,version.version_string:label=Version:align=right,data.size.size(zero="",min=1048576):label=Size:align=right)
2025-03-10 13:30:06,428 DEBUG    root            Chosen display Format:table[box,title="These components will be installed."](details.display_name:label=Name:align=left,version.version_string:label=Version:align=right,data.size.size(zero="",min=1048576):label=Size:align=right)
2025-03-10 13:30:06,464 INFO     ___FILE_ONLY___ ┌─────────────────────────────────────────────────────────────────────────────┐
2025-03-10 13:30:06,465 INFO     ___FILE_ONLY___ 

2025-03-10 13:30:06,465 INFO     ___FILE_ONLY___ │                     These components will be installed.                     │
2025-03-10 13:30:06,465 INFO     ___FILE_ONLY___ 

2025-03-10 13:30:06,465 INFO     ___FILE_ONLY___ ├─────────────────────────────────────────────────────┬────────────┬──────────┤
2025-03-10 13:30:06,465 INFO     ___FILE_ONLY___ 

2025-03-10 13:30:06,465 INFO     ___FILE_ONLY___ │                         Name                        │  Version   │   Size   │
2025-03-10 13:30:06,465 INFO     ___FILE_ONLY___ 

2025-03-10 13:30:06,465 INFO     ___FILE_ONLY___ ├─────────────────────────────────────────────────────┼────────────┼──────────┤
2025-03-10 13:30:06,465 INFO     ___FILE_ONLY___ 

2025-03-10 13:30:06,465 INFO     ___FILE_ONLY___ │ 
2025-03-10 13:30:06,465 INFO     ___FILE_ONLY___ BigQuery Command Line Tool                         
2025-03-10 13:30:06,465 INFO     ___FILE_ONLY___  
2025-03-10 13:30:06,465 INFO     ___FILE_ONLY___ │ 
2025-03-10 13:30:06,465 INFO     ___FILE_ONLY___     2.1.14
2025-03-10 13:30:06,465 INFO     ___FILE_ONLY___  
2025-03-10 13:30:06,465 INFO     ___FILE_ONLY___ │ 
2025-03-10 13:30:06,466 INFO     ___FILE_ONLY___  1.8 MiB
2025-03-10 13:30:06,466 INFO     ___FILE_ONLY___  
2025-03-10 13:30:06,466 INFO     ___FILE_ONLY___ │
2025-03-10 13:30:06,466 INFO     ___FILE_ONLY___ 

2025-03-10 13:30:06,466 INFO     ___FILE_ONLY___ │ 
2025-03-10 13:30:06,466 INFO     ___FILE_ONLY___ BigQuery Command Line Tool (Platform Specific)     
2025-03-10 13:30:06,466 INFO     ___FILE_ONLY___  
2025-03-10 13:30:06,466 INFO     ___FILE_ONLY___ │ 
2025-03-10 13:30:06,466 INFO     ___FILE_ONLY___      2.1.8
2025-03-10 13:30:06,466 INFO     ___FILE_ONLY___  
2025-03-10 13:30:06,466 INFO     ___FILE_ONLY___ │ 
2025-03-10 13:30:06,466 INFO     ___FILE_ONLY___  < 1 MiB
2025-03-10 13:30:06,466 INFO     ___FILE_ONLY___  
2025-03-10 13:30:06,466 INFO     ___FILE_ONLY___ │
2025-03-10 13:30:06,466 INFO     ___FILE_ONLY___ 

2025-03-10 13:30:06,466 INFO     ___FILE_ONLY___ │ 
2025-03-10 13:30:06,466 INFO     ___FILE_ONLY___ Bundled Python 3.12 (Platform Specific)            
2025-03-10 13:30:06,466 INFO     ___FILE_ONLY___  
2025-03-10 13:30:06,466 INFO     ___FILE_ONLY___ │ 
2025-03-10 13:30:06,466 INFO     ___FILE_ONLY___     3.12.8
2025-03-10 13:30:06,466 INFO     ___FILE_ONLY___  
2025-03-10 13:30:06,467 INFO     ___FILE_ONLY___ │ 
2025-03-10 13:30:06,467 INFO     ___FILE_ONLY___ 89.2 MiB
2025-03-10 13:30:06,467 INFO     ___FILE_ONLY___  
2025-03-10 13:30:06,467 INFO     ___FILE_ONLY___ │
2025-03-10 13:30:06,467 INFO     ___FILE_ONLY___ 

2025-03-10 13:30:06,467 INFO     ___FILE_ONLY___ │ 
2025-03-10 13:30:06,467 INFO     ___FILE_ONLY___ Cloud Storage Command Line Tool                    
2025-03-10 13:30:06,467 INFO     ___FILE_ONLY___  
2025-03-10 13:30:06,467 INFO     ___FILE_ONLY___ │ 
2025-03-10 13:30:06,467 INFO     ___FILE_ONLY___       5.33
2025-03-10 13:30:06,467 INFO     ___FILE_ONLY___  
2025-03-10 13:30:06,467 INFO     ___FILE_ONLY___ │ 
2025-03-10 13:30:06,467 INFO     ___FILE_ONLY___ 11.8 MiB
2025-03-10 13:30:06,467 INFO     ___FILE_ONLY___  
2025-03-10 13:30:06,467 INFO     ___FILE_ONLY___ │
2025-03-10 13:30:06,467 INFO     ___FILE_ONLY___ 

2025-03-10 13:30:06,467 INFO     ___FILE_ONLY___ │ 
2025-03-10 13:30:06,467 INFO     ___FILE_ONLY___ Cloud Storage Command Line Tool (Platform Specific)
2025-03-10 13:30:06,467 INFO     ___FILE_ONLY___  
2025-03-10 13:30:06,467 INFO     ___FILE_ONLY___ │ 
2025-03-10 13:30:06,468 INFO     ___FILE_ONLY___       5.30
2025-03-10 13:30:06,468 INFO     ___FILE_ONLY___  
2025-03-10 13:30:06,468 INFO     ___FILE_ONLY___ │ 
2025-03-10 13:30:06,468 INFO     ___FILE_ONLY___  < 1 MiB
2025-03-10 13:30:06,468 INFO     ___FILE_ONLY___  
2025-03-10 13:30:06,468 INFO     ___FILE_ONLY___ │
2025-03-10 13:30:06,468 INFO     ___FILE_ONLY___ 

2025-03-10 13:30:06,468 INFO     ___FILE_ONLY___ │ 
2025-03-10 13:30:06,468 INFO     ___FILE_ONLY___ Google Cloud CLI Core Libraries (Platform Specific)
2025-03-10 13:30:06,468 INFO     ___FILE_ONLY___  
2025-03-10 13:30:06,468 INFO     ___FILE_ONLY___ │ 
2025-03-10 13:30:06,468 INFO     ___FILE_ONLY___ 2024.08.30
2025-03-10 13:30:06,468 INFO     ___FILE_ONLY___  
2025-03-10 13:30:06,468 INFO     ___FILE_ONLY___ │ 
2025-03-10 13:30:06,468 INFO     ___FILE_ONLY___  < 1 MiB
2025-03-10 13:30:06,468 INFO     ___FILE_ONLY___  
2025-03-10 13:30:06,468 INFO     ___FILE_ONLY___ │
2025-03-10 13:30:06,468 INFO     ___FILE_ONLY___ 

2025-03-10 13:30:06,468 INFO     ___FILE_ONLY___ │ 
2025-03-10 13:30:06,468 INFO     ___FILE_ONLY___ Google Cloud CRC32C Hash Tool (Platform Specific)  
2025-03-10 13:30:06,468 INFO     ___FILE_ONLY___  
2025-03-10 13:30:06,469 INFO     ___FILE_ONLY___ │ 
2025-03-10 13:30:06,469 INFO     ___FILE_ONLY___      1.0.0
2025-03-10 13:30:06,469 INFO     ___FILE_ONLY___  
2025-03-10 13:30:06,469 INFO     ___FILE_ONLY___ │ 
2025-03-10 13:30:06,469 INFO     ___FILE_ONLY___  1.4 MiB
2025-03-10 13:30:06,469 INFO     ___FILE_ONLY___  
2025-03-10 13:30:06,469 INFO     ___FILE_ONLY___ │
2025-03-10 13:30:06,469 INFO     ___FILE_ONLY___ 

2025-03-10 13:30:06,469 INFO     ___FILE_ONLY___ │ 
2025-03-10 13:30:06,469 INFO     ___FILE_ONLY___ gcloud cli dependencies (Platform Specific)        
2025-03-10 13:30:06,469 INFO     ___FILE_ONLY___  
2025-03-10 13:30:06,469 INFO     ___FILE_ONLY___ │ 
2025-03-10 13:30:06,469 INFO     ___FILE_ONLY___ 2021.04.16
2025-03-10 13:30:06,469 INFO     ___FILE_ONLY___  
2025-03-10 13:30:06,469 INFO     ___FILE_ONLY___ │ 
2025-03-10 13:30:06,469 INFO     ___FILE_ONLY___  < 1 MiB
2025-03-10 13:30:06,469 INFO     ___FILE_ONLY___  
2025-03-10 13:30:06,469 INFO     ___FILE_ONLY___ │
2025-03-10 13:30:06,469 INFO     ___FILE_ONLY___ 

2025-03-10 13:30:06,469 INFO     ___FILE_ONLY___ └─────────────────────────────────────────────────────┴────────────┴──────────┘
2025-03-10 13:30:06,469 INFO     ___FILE_ONLY___ 

2025-03-10 13:30:06,470 INFO     ___FILE_ONLY___ 

2025-03-10 13:30:06,473 DEBUG    urllib3.connectionpool Starting new HTTPS connection (1): dl.google.com:443
2025-03-10 13:30:06,487 DEBUG    urllib3.connectionpool https://dl.google.com:443 "GET /dl/cloudsdk/channels/rapid/RELEASE_NOTES HTTP/11" 200 1374936
2025-03-10 13:30:06,946 INFO     ___FILE_ONLY___ For the latest full release notes, please visit:
  https://cloud.google.com/sdk/release_notes


2025-03-10 13:30:06,946 INFO     ___FILE_ONLY___ Performing in place update...


2025-03-10 13:30:06,948 INFO     ___FILE_ONLY___ ╔════════════════════════════════════════════════════════════╗

2025-03-10 13:30:06,948 INFO     ___FILE_ONLY___ ╠═ Downloading: BigQuery Command Line Tool                  ═╣

2025-03-10 13:30:06,948 INFO     ___FILE_ONLY___ ╚
2025-03-10 13:30:06,952 DEBUG    urllib3.connectionpool Starting new HTTPS connection (1): dl.google.com:443
2025-03-10 13:30:06,965 DEBUG    urllib3.connectionpool https://dl.google.com:443 "GET /dl/cloudsdk/channels/rapid/components/google-cloud-sdk-bq-20250228155416.tar.gz HTTP/11" 200 1845321
2025-03-10 13:30:06,977 INFO     ___FILE_ONLY___ ═
2025-03-10 13:30:06,977 INFO     ___FILE_ONLY___ ═
2025-03-10 13:30:06,977 INFO     ___FILE_ONLY___ ═
2025-03-10 13:30:06,977 INFO     ___FILE_ONLY___ ═
2025-03-10 13:30:06,978 INFO     ___FILE_ONLY___ ═
2025-03-10 13:30:06,978 INFO     ___FILE_ONLY___ ═
2025-03-10 13:30:06,978 INFO     ___FILE_ONLY___ ═
2025-03-10 13:30:06,978 INFO     ___FILE_ONLY___ ═
2025-03-10 13:30:06,978 INFO     ___FILE_ONLY___ ═
2025-03-10 13:30:06,978 INFO     ___FILE_ONLY___ ═
2025-03-10 13:30:06,978 INFO     ___FILE_ONLY___ ═
2025-03-10 13:30:06,978 INFO     ___FILE_ONLY___ ═
2025-03-10 13:30:06,978 INFO     ___FILE_ONLY___ ═
2025-03-10 13:30:06,978 INFO     ___FILE_ONLY___ ═
2025-03-10 13:30:06,978 INFO     ___FILE_ONLY___ ═
2025-03-10 13:30:06,979 INFO     ___FILE_ONLY___ ═
2025-03-10 13:30:06,979 INFO     ___FILE_ONLY___ ═
2025-03-10 13:30:06,979 INFO     ___FILE_ONLY___ ═
2025-03-10 13:30:06,979 INFO     ___FILE_ONLY___ ═
2025-03-10 13:30:06,979 INFO     ___FILE_ONLY___ ═
2025-03-10 13:30:06,979 INFO     ___FILE_ONLY___ ═
2025-03-10 13:30:06,979 INFO     ___FILE_ONLY___ ═
2025-03-10 13:30:06,979 INFO     ___FILE_ONLY___ ═
2025-03-10 13:30:06,979 INFO     ___FILE_ONLY___ ═
2025-03-10 13:30:06,979 INFO     ___FILE_ONLY___ ═
2025-03-10 13:30:06,979 INFO     ___FILE_ONLY___ ═
2025-03-10 13:30:06,980 INFO     ___FILE_ONLY___ ═
2025-03-10 13:30:06,980 INFO     ___FILE_ONLY___ ═
2025-03-10 13:30:06,980 INFO     ___FILE_ONLY___ ═
2025-03-10 13:30:06,980 INFO     ___FILE_ONLY___ ═
2025-03-10 13:30:06,980 INFO     ___FILE_ONLY___ ═
2025-03-10 13:30:06,980 INFO     ___FILE_ONLY___ ═
2025-03-10 13:30:06,980 INFO     ___FILE_ONLY___ ═
2025-03-10 13:30:06,980 INFO     ___FILE_ONLY___ ═
2025-03-10 13:30:06,980 INFO     ___FILE_ONLY___ ═
2025-03-10 13:30:06,980 INFO     ___FILE_ONLY___ ═
2025-03-10 13:30:06,980 INFO     ___FILE_ONLY___ ═
2025-03-10 13:30:06,981 INFO     ___FILE_ONLY___ ═
2025-03-10 13:30:06,981 INFO     ___FILE_ONLY___ ═
2025-03-10 13:30:06,981 INFO     ___FILE_ONLY___ ═
2025-03-10 13:30:06,981 INFO     ___FILE_ONLY___ ═
2025-03-10 13:30:06,981 INFO     ___FILE_ONLY___ ═
2025-03-10 13:30:06,981 INFO     ___FILE_ONLY___ ═
2025-03-10 13:30:06,981 INFO     ___FILE_ONLY___ ═
2025-03-10 13:30:06,981 INFO     ___FILE_ONLY___ ═
2025-03-10 13:30:06,981 INFO     ___FILE_ONLY___ ═
2025-03-10 13:30:06,981 INFO     ___FILE_ONLY___ ═
2025-03-10 13:30:06,981 INFO     ___FILE_ONLY___ ═
2025-03-10 13:30:06,982 INFO     ___FILE_ONLY___ ═
2025-03-10 13:30:06,982 INFO     ___FILE_ONLY___ ═
2025-03-10 13:30:06,982 INFO     ___FILE_ONLY___ ═
2025-03-10 13:30:06,982 INFO     ___FILE_ONLY___ ═
2025-03-10 13:30:06,982 INFO     ___FILE_ONLY___ ═
2025-03-10 13:30:06,982 INFO     ___FILE_ONLY___ ═
2025-03-10 13:30:06,982 INFO     ___FILE_ONLY___ ═
2025-03-10 13:30:06,982 INFO     ___FILE_ONLY___ ═
2025-03-10 13:30:06,982 INFO     ___FILE_ONLY___ ═
2025-03-10 13:30:06,982 INFO     ___FILE_ONLY___ ═
2025-03-10 13:30:06,982 INFO     ___FILE_ONLY___ ═
2025-03-10 13:30:06,983 INFO     ___FILE_ONLY___ ═
2025-03-10 13:30:06,983 INFO     ___FILE_ONLY___ ╝

2025-03-10 13:30:06,985 INFO     ___FILE_ONLY___ ╔════════════════════════════════════════════════════════════╗

2025-03-10 13:30:06,985 INFO     ___FILE_ONLY___ ╠═ Downloading: BigQuery Command Line Tool (Platform Spe... ═╣

2025-03-10 13:30:06,985 INFO     ___FILE_ONLY___ ╚
2025-03-10 13:30:06,989 DEBUG    urllib3.connectionpool Starting new HTTPS connection (1): dl.google.com:443
2025-03-10 13:30:07,003 DEBUG    urllib3.connectionpool https://dl.google.com:443 "GET /dl/cloudsdk/channels/rapid/components/google-cloud-sdk-bq-nix-20240830134514.tar.gz HTTP/11" 200 1914
2025-03-10 13:30:07,003 INFO     ___FILE_ONLY___ ════════════════════════════════════════════════════════════
2025-03-10 13:30:07,003 INFO     ___FILE_ONLY___ ╝

2025-03-10 13:30:07,005 INFO     ___FILE_ONLY___ ╔════════════════════════════════════════════════════════════╗

2025-03-10 13:30:07,005 INFO     ___FILE_ONLY___ ╠═ Downloading: Bundled Python 3.12                         ═╣

2025-03-10 13:30:07,005 INFO     ___FILE_ONLY___ ╚
2025-03-10 13:30:07,006 INFO     ___FILE_ONLY___ ════════════════════════════════════════════════════════════
2025-03-10 13:30:07,006 INFO     ___FILE_ONLY___ ╝

2025-03-10 13:30:07,007 INFO     ___FILE_ONLY___ ╔════════════════════════════════════════════════════════════╗

2025-03-10 13:30:07,007 INFO     ___FILE_ONLY___ ╠═ Downloading: Bundled Python 3.12 (Platform Specific)     ═╣

2025-03-10 13:30:07,008 INFO     ___FILE_ONLY___ ╚
2025-03-10 13:30:07,010 DEBUG    urllib3.connectionpool Starting new HTTPS connection (1): dl.google.com:443
2025-03-10 13:30:07,025 DEBUG    urllib3.connectionpool https://dl.google.com:443 "GET /dl/cloudsdk/channels/rapid/components/google-cloud-sdk-bundled-python3-unix-linux-x86_64-20250131143518.tar.gz HTTP/11" 200 93520256
2025-03-10 13:30:07,362 INFO     ___FILE_ONLY___ ═
2025-03-10 13:30:07,364 INFO     ___FILE_ONLY___ ═
2025-03-10 13:30:07,366 INFO     ___FILE_ONLY___ ═
2025-03-10 13:30:07,368 INFO     ___FILE_ONLY___ ═
2025-03-10 13:30:07,370 INFO     ___FILE_ONLY___ ═
2025-03-10 13:30:07,372 INFO     ___FILE_ONLY___ ═
2025-03-10 13:30:07,375 INFO     ___FILE_ONLY___ ═
2025-03-10 13:30:07,377 INFO     ___FILE_ONLY___ ═
2025-03-10 13:30:07,379 INFO     ___FILE_ONLY___ ═
2025-03-10 13:30:07,381 INFO     ___FILE_ONLY___ ═
2025-03-10 13:30:07,383 INFO     ___FILE_ONLY___ ═
2025-03-10 13:30:07,385 INFO     ___FILE_ONLY___ ═
2025-03-10 13:30:07,388 INFO     ___FILE_ONLY___ ═
2025-03-10 13:30:07,390 INFO     ___FILE_ONLY___ ═
2025-03-10 13:30:07,393 INFO     ___FILE_ONLY___ ═
2025-03-10 13:30:07,395 INFO     ___FILE_ONLY___ ═
2025-03-10 13:30:07,397 INFO     ___FILE_ONLY___ ═
2025-03-10 13:30:07,399 INFO     ___FILE_ONLY___ ═
2025-03-10 13:30:07,401 INFO     ___FILE_ONLY___ ═
2025-03-10 13:30:07,403 INFO     ___FILE_ONLY___ ═
2025-03-10 13:30:07,405 INFO     ___FILE_ONLY___ ═
2025-03-10 13:30:07,407 INFO     ___FILE_ONLY___ ═
2025-03-10 13:30:07,409 INFO     ___FILE_ONLY___ ═
2025-03-10 13:30:07,411 INFO     ___FILE_ONLY___ ═
2025-03-10 13:30:07,413 INFO     ___FILE_ONLY___ ═
2025-03-10 13:30:07,415 INFO     ___FILE_ONLY___ ═
2025-03-10 13:30:07,417 INFO     ___FILE_ONLY___ ═
2025-03-10 13:30:07,419 INFO     ___FILE_ONLY___ ═
2025-03-10 13:30:07,421 INFO     ___FILE_ONLY___ ═
2025-03-10 13:30:07,423 INFO     ___FILE_ONLY___ ═
2025-03-10 13:30:07,425 INFO     ___FILE_ONLY___ ═
2025-03-10 13:30:07,427 INFO     ___FILE_ONLY___ ═
2025-03-10 13:30:07,429 INFO     ___FILE_ONLY___ ═
2025-03-10 13:30:07,431 INFO     ___FILE_ONLY___ ═
2025-03-10 13:30:07,433 INFO     ___FILE_ONLY___ ═
2025-03-10 13:30:07,435 INFO     ___FILE_ONLY___ ═
2025-03-10 13:30:07,437 INFO     ___FILE_ONLY___ ═
2025-03-10 13:30:07,439 INFO     ___FILE_ONLY___ ═
2025-03-10 13:30:07,441 INFO     ___FILE_ONLY___ ═
2025-03-10 13:30:07,443 INFO     ___FILE_ONLY___ ═
2025-03-10 13:30:07,445 INFO     ___FILE_ONLY___ ═
2025-03-10 13:30:07,447 INFO     ___FILE_ONLY___ ═
2025-03-10 13:30:07,449 INFO     ___FILE_ONLY___ ═
2025-03-10 13:30:07,451 INFO     ___FILE_ONLY___ ═
2025-03-10 13:30:07,453 INFO     ___FILE_ONLY___ ═
2025-03-10 13:30:07,454 INFO     ___FILE_ONLY___ ═
2025-03-10 13:30:07,456 INFO     ___FILE_ONLY___ ═
2025-03-10 13:30:07,458 INFO     ___FILE_ONLY___ ═
2025-03-10 13:30:07,460 INFO     ___FILE_ONLY___ ═
2025-03-10 13:30:07,462 INFO     ___FILE_ONLY___ ═
2025-03-10 13:30:07,464 INFO     ___FILE_ONLY___ ═
2025-03-10 13:30:07,466 INFO     ___FILE_ONLY___ ═
2025-03-10 13:30:07,468 INFO     ___FILE_ONLY___ ═
2025-03-10 13:30:07,470 INFO     ___FILE_ONLY___ ═
2025-03-10 13:30:07,472 INFO     ___FILE_ONLY___ ═
2025-03-10 13:30:07,474 INFO     ___FILE_ONLY___ ═
2025-03-10 13:30:07,476 INFO     ___FILE_ONLY___ ═
2025-03-10 13:30:07,478 INFO     ___FILE_ONLY___ ═
2025-03-10 13:30:07,480 INFO     ___FILE_ONLY___ ═
2025-03-10 13:30:07,482 INFO     ___FILE_ONLY___ ═
2025-03-10 13:30:07,482 INFO     ___FILE_ONLY___ ╝

2025-03-10 13:30:07,485 INFO     ___FILE_ONLY___ ╔════════════════════════════════════════════════════════════╗

2025-03-10 13:30:07,485 INFO     ___FILE_ONLY___ ╠═ Downloading: Cloud Storage Command Line Tool             ═╣

2025-03-10 13:30:07,485 INFO     ___FILE_ONLY___ ╚
2025-03-10 13:30:07,488 DEBUG    urllib3.connectionpool Starting new HTTPS connection (1): dl.google.com:443
2025-03-10 13:30:07,530 DEBUG    urllib3.connectionpool https://dl.google.com:443 "GET /dl/cloudsdk/channels/rapid/components/google-cloud-sdk-gsutil-20241213184646.tar.gz HTTP/11" 200 12368759
2025-03-10 13:30:07,576 INFO     ___FILE_ONLY___ ═
2025-03-10 13:30:07,576 INFO     ___FILE_ONLY___ ═
2025-03-10 13:30:07,576 INFO     ___FILE_ONLY___ ═
2025-03-10 13:30:07,577 INFO     ___FILE_ONLY___ ═
2025-03-10 13:30:07,577 INFO     ___FILE_ONLY___ ═
2025-03-10 13:30:07,577 INFO     ___FILE_ONLY___ ═
2025-03-10 13:30:07,577 INFO     ___FILE_ONLY___ ═
2025-03-10 13:30:07,578 INFO     ___FILE_ONLY___ ═
2025-03-10 13:30:07,578 INFO     ___FILE_ONLY___ ═
2025-03-10 13:30:07,578 INFO     ___FILE_ONLY___ ═
2025-03-10 13:30:07,579 INFO     ___FILE_ONLY___ ═
2025-03-10 13:30:07,579 INFO     ___FILE_ONLY___ ═
2025-03-10 13:30:07,579 INFO     ___FILE_ONLY___ ═
2025-03-10 13:30:07,580 INFO     ___FILE_ONLY___ ═
2025-03-10 13:30:07,580 INFO     ___FILE_ONLY___ ═
2025-03-10 13:30:07,580 INFO     ___FILE_ONLY___ ═
2025-03-10 13:30:07,581 INFO     ___FILE_ONLY___ ═
2025-03-10 13:30:07,581 INFO     ___FILE_ONLY___ ═
2025-03-10 13:30:07,581 INFO     ___FILE_ONLY___ ═
2025-03-10 13:30:07,581 INFO     ___FILE_ONLY___ ═
2025-03-10 13:30:07,582 INFO     ___FILE_ONLY___ ═
2025-03-10 13:30:07,582 INFO     ___FILE_ONLY___ ═
2025-03-10 13:30:07,582 INFO     ___FILE_ONLY___ ═
2025-03-10 13:30:07,583 INFO     ___FILE_ONLY___ ═
2025-03-10 13:30:07,583 INFO     ___FILE_ONLY___ ═
2025-03-10 13:30:07,583 INFO     ___FILE_ONLY___ ═
2025-03-10 13:30:07,584 INFO     ___FILE_ONLY___ ═
2025-03-10 13:30:07,584 INFO     ___FILE_ONLY___ ═
2025-03-10 13:30:07,584 INFO     ___FILE_ONLY___ ═
2025-03-10 13:30:07,585 INFO     ___FILE_ONLY___ ═
2025-03-10 13:30:07,585 INFO     ___FILE_ONLY___ ═
2025-03-10 13:30:07,585 INFO     ___FILE_ONLY___ ═
2025-03-10 13:30:07,586 INFO     ___FILE_ONLY___ ═
2025-03-10 13:30:07,586 INFO     ___FILE_ONLY___ ═
2025-03-10 13:30:07,586 INFO     ___FILE_ONLY___ ═
2025-03-10 13:30:07,586 INFO     ___FILE_ONLY___ ═
2025-03-10 13:30:07,587 INFO     ___FILE_ONLY___ ═
2025-03-10 13:30:07,587 INFO     ___FILE_ONLY___ ═
2025-03-10 13:30:07,587 INFO     ___FILE_ONLY___ ═
2025-03-10 13:30:07,588 INFO     ___FILE_ONLY___ ═
2025-03-10 13:30:07,588 INFO     ___FILE_ONLY___ ═
2025-03-10 13:30:07,589 INFO     ___FILE_ONLY___ ═
2025-03-10 13:30:07,589 INFO     ___FILE_ONLY___ ═
2025-03-10 13:30:07,589 INFO     ___FILE_ONLY___ ═
2025-03-10 13:30:07,590 INFO     ___FILE_ONLY___ ═
2025-03-10 13:30:07,590 INFO     ___FILE_ONLY___ ═
2025-03-10 13:30:07,590 INFO     ___FILE_ONLY___ ═
2025-03-10 13:30:07,591 INFO     ___FILE_ONLY___ ═
2025-03-10 13:30:07,591 INFO     ___FILE_ONLY___ ═
2025-03-10 13:30:07,591 INFO     ___FILE_ONLY___ ═
2025-03-10 13:30:07,592 INFO     ___FILE_ONLY___ ═
2025-03-10 13:30:07,592 INFO     ___FILE_ONLY___ ═
2025-03-10 13:30:07,592 INFO     ___FILE_ONLY___ ═
2025-03-10 13:30:07,592 INFO     ___FILE_ONLY___ ═
2025-03-10 13:30:07,593 INFO     ___FILE_ONLY___ ═
2025-03-10 13:30:07,593 INFO     ___FILE_ONLY___ ═
2025-03-10 13:30:07,593 INFO     ___FILE_ONLY___ ═
2025-03-10 13:30:07,594 INFO     ___FILE_ONLY___ ═
2025-03-10 13:30:07,594 INFO     ___FILE_ONLY___ ═
2025-03-10 13:30:07,594 INFO     ___FILE_ONLY___ ═
2025-03-10 13:30:07,594 INFO     ___FILE_ONLY___ ╝

2025-03-10 13:30:07,597 INFO     ___FILE_ONLY___ ╔════════════════════════════════════════════════════════════╗

2025-03-10 13:30:07,597 INFO     ___FILE_ONLY___ ╠═ Downloading: Cloud Storage Command Line Tool (Platfor... ═╣

2025-03-10 13:30:07,597 INFO     ___FILE_ONLY___ ╚
2025-03-10 13:30:07,600 DEBUG    urllib3.connectionpool Starting new HTTPS connection (1): dl.google.com:443
2025-03-10 13:30:07,644 DEBUG    urllib3.connectionpool https://dl.google.com:443 "GET /dl/cloudsdk/channels/rapid/components/google-cloud-sdk-gsutil-nix-20240830134514.tar.gz HTTP/11" 200 1928
2025-03-10 13:30:07,645 INFO     ___FILE_ONLY___ ════════════════════════════════════════════════════════════
2025-03-10 13:30:07,645 INFO     ___FILE_ONLY___ ╝

2025-03-10 13:30:07,647 INFO     ___FILE_ONLY___ ╔════════════════════════════════════════════════════════════╗

2025-03-10 13:30:07,647 INFO     ___FILE_ONLY___ ╠═ Downloading: Default set of gcloud commands              ═╣

2025-03-10 13:30:07,647 INFO     ___FILE_ONLY___ ╚
2025-03-10 13:30:07,648 INFO     ___FILE_ONLY___ ════════════════════════════════════════════════════════════
2025-03-10 13:30:07,648 INFO     ___FILE_ONLY___ ╝

2025-03-10 13:30:07,649 INFO     ___FILE_ONLY___ ╔════════════════════════════════════════════════════════════╗

2025-03-10 13:30:07,650 INFO     ___FILE_ONLY___ ╠═ Downloading: Google Cloud CLI Core Libraries (Platfor... ═╣

2025-03-10 13:30:07,650 INFO     ___FILE_ONLY___ ╚
2025-03-10 13:30:07,653 DEBUG    urllib3.connectionpool Starting new HTTPS connection (1): dl.google.com:443
2025-03-10 13:30:07,698 DEBUG    urllib3.connectionpool https://dl.google.com:443 "GET /dl/cloudsdk/channels/rapid/components/google-cloud-sdk-core-nix-20240830134514.tar.gz HTTP/11" 200 2306
2025-03-10 13:30:07,699 INFO     ___FILE_ONLY___ ════════════════════════════════════════════════════════════
2025-03-10 13:30:07,699 INFO     ___FILE_ONLY___ ╝

2025-03-10 13:30:07,701 INFO     ___FILE_ONLY___ ╔════════════════════════════════════════════════════════════╗

2025-03-10 13:30:07,702 INFO     ___FILE_ONLY___ ╠═ Downloading: Google Cloud CRC32C Hash Tool               ═╣

2025-03-10 13:30:07,702 INFO     ___FILE_ONLY___ ╚
2025-03-10 13:30:07,702 INFO     ___FILE_ONLY___ ════════════════════════════════════════════════════════════
2025-03-10 13:30:07,702 INFO     ___FILE_ONLY___ ╝

2025-03-10 13:30:07,704 INFO     ___FILE_ONLY___ ╔════════════════════════════════════════════════════════════╗

2025-03-10 13:30:07,704 INFO     ___FILE_ONLY___ ╠═ Downloading: Google Cloud CRC32C Hash Tool (Platform ... ═╣

2025-03-10 13:30:07,704 INFO     ___FILE_ONLY___ ╚
2025-03-10 13:30:07,707 DEBUG    urllib3.connectionpool Starting new HTTPS connection (1): dl.google.com:443
2025-03-10 13:30:07,721 DEBUG    urllib3.connectionpool https://dl.google.com:443 "GET /dl/cloudsdk/channels/rapid/components/google-cloud-sdk-gcloud-crc32c-linux-x86_64-20250110133808.tar.gz HTTP/11" 200 1478989
2025-03-10 13:30:07,733 INFO     ___FILE_ONLY___ ═
2025-03-10 13:30:07,733 INFO     ___FILE_ONLY___ ═
2025-03-10 13:30:07,733 INFO     ___FILE_ONLY___ ═
2025-03-10 13:30:07,733 INFO     ___FILE_ONLY___ ═
2025-03-10 13:30:07,733 INFO     ___FILE_ONLY___ ═
2025-03-10 13:30:07,733 INFO     ___FILE_ONLY___ ═
2025-03-10 13:30:07,734 INFO     ___FILE_ONLY___ ═
2025-03-10 13:30:07,734 INFO     ___FILE_ONLY___ ═
2025-03-10 13:30:07,734 INFO     ___FILE_ONLY___ ═
2025-03-10 13:30:07,734 INFO     ___FILE_ONLY___ ═
2025-03-10 13:30:07,734 INFO     ___FILE_ONLY___ ═
2025-03-10 13:30:07,734 INFO     ___FILE_ONLY___ ═
2025-03-10 13:30:07,734 INFO     ___FILE_ONLY___ ═
2025-03-10 13:30:07,735 INFO     ___FILE_ONLY___ ═
2025-03-10 13:30:07,735 INFO     ___FILE_ONLY___ ═
2025-03-10 13:30:07,735 INFO     ___FILE_ONLY___ ═
2025-03-10 13:30:07,735 INFO     ___FILE_ONLY___ ═
2025-03-10 13:30:07,735 INFO     ___FILE_ONLY___ ═
2025-03-10 13:30:07,735 INFO     ___FILE_ONLY___ ═
2025-03-10 13:30:07,735 INFO     ___FILE_ONLY___ ═
2025-03-10 13:30:07,735 INFO     ___FILE_ONLY___ ═
2025-03-10 13:30:07,735 INFO     ___FILE_ONLY___ ═
2025-03-10 13:30:07,735 INFO     ___FILE_ONLY___ ═
2025-03-10 13:30:07,735 INFO     ___FILE_ONLY___ ═
2025-03-10 13:30:07,735 INFO     ___FILE_ONLY___ ═
2025-03-10 13:30:07,736 INFO     ___FILE_ONLY___ ═
2025-03-10 13:30:07,736 INFO     ___FILE_ONLY___ ═
2025-03-10 13:30:07,736 INFO     ___FILE_ONLY___ ═
2025-03-10 13:30:07,736 INFO     ___FILE_ONLY___ ═
2025-03-10 13:30:07,736 INFO     ___FILE_ONLY___ ═
2025-03-10 13:30:07,736 INFO     ___FILE_ONLY___ ═
2025-03-10 13:30:07,736 INFO     ___FILE_ONLY___ ═
2025-03-10 13:30:07,736 INFO     ___FILE_ONLY___ ═
2025-03-10 13:30:07,736 INFO     ___FILE_ONLY___ ═
2025-03-10 13:30:07,736 INFO     ___FILE_ONLY___ ═
2025-03-10 13:30:07,736 INFO     ___FILE_ONLY___ ═
2025-03-10 13:30:07,737 INFO     ___FILE_ONLY___ ═
2025-03-10 13:30:07,737 INFO     ___FILE_ONLY___ ═
2025-03-10 13:30:07,737 INFO     ___FILE_ONLY___ ═
2025-03-10 13:30:07,737 INFO     ___FILE_ONLY___ ═
2025-03-10 13:30:07,737 INFO     ___FILE_ONLY___ ═
2025-03-10 13:30:07,737 INFO     ___FILE_ONLY___ ═
2025-03-10 13:30:07,737 INFO     ___FILE_ONLY___ ═
2025-03-10 13:30:07,737 INFO     ___FILE_ONLY___ ═
2025-03-10 13:30:07,737 INFO     ___FILE_ONLY___ ═
2025-03-10 13:30:07,737 INFO     ___FILE_ONLY___ ═
2025-03-10 13:30:07,737 INFO     ___FILE_ONLY___ ═
2025-03-10 13:30:07,737 INFO     ___FILE_ONLY___ ═
2025-03-10 13:30:07,738 INFO     ___FILE_ONLY___ ═
2025-03-10 13:30:07,738 INFO     ___FILE_ONLY___ ═
2025-03-10 13:30:07,738 INFO     ___FILE_ONLY___ ═
2025-03-10 13:30:07,738 INFO     ___FILE_ONLY___ ═
2025-03-10 13:30:07,738 INFO     ___FILE_ONLY___ ═
2025-03-10 13:30:07,738 INFO     ___FILE_ONLY___ ═
2025-03-10 13:30:07,738 INFO     ___FILE_ONLY___ ═
2025-03-10 13:30:07,738 INFO     ___FILE_ONLY___ ═
2025-03-10 13:30:07,738 INFO     ___FILE_ONLY___ ═
2025-03-10 13:30:07,738 INFO     ___FILE_ONLY___ ═
2025-03-10 13:30:07,738 INFO     ___FILE_ONLY___ ═
2025-03-10 13:30:07,739 INFO     ___FILE_ONLY___ ═
2025-03-10 13:30:07,739 INFO     ___FILE_ONLY___ ╝

2025-03-10 13:30:07,741 INFO     ___FILE_ONLY___ ╔════════════════════════════════════════════════════════════╗

2025-03-10 13:30:07,741 INFO     ___FILE_ONLY___ ╠═ Downloading: gcloud cli dependencies (Platform Specific) ═╣

2025-03-10 13:30:07,741 INFO     ___FILE_ONLY___ ╚
2025-03-10 13:30:07,744 DEBUG    urllib3.connectionpool Starting new HTTPS connection (1): dl.google.com:443
2025-03-10 13:30:07,785 DEBUG    urllib3.connectionpool https://dl.google.com:443 "GET /dl/cloudsdk/channels/rapid/components/google-cloud-sdk-gcloud-deps-linux-x86_64-20210416153011.tar.gz HTTP/11" 200 104
2025-03-10 13:30:07,787 INFO     ___FILE_ONLY___ ════════════════════════════════════════════════════════════
2025-03-10 13:30:07,787 INFO     ___FILE_ONLY___ ╝

2025-03-10 13:30:07,789 INFO     ___FILE_ONLY___ ╔════════════════════════════════════════════════════════════╗

2025-03-10 13:30:07,789 INFO     ___FILE_ONLY___ ╠═ Installing: BigQuery Command Line Tool                   ═╣

2025-03-10 13:30:07,789 INFO     ___FILE_ONLY___ ╚
2025-03-10 13:30:07,883 INFO     ___FILE_ONLY___ ═
2025-03-10 13:30:07,885 INFO     ___FILE_ONLY___ ═
2025-03-10 13:30:07,888 INFO     ___FILE_ONLY___ ═
2025-03-10 13:30:07,890 INFO     ___FILE_ONLY___ ═
2025-03-10 13:30:07,893 INFO     ___FILE_ONLY___ ═
2025-03-10 13:30:07,895 INFO     ___FILE_ONLY___ ═
2025-03-10 13:30:07,898 INFO     ___FILE_ONLY___ ═
2025-03-10 13:30:07,900 INFO     ___FILE_ONLY___ ═
2025-03-10 13:30:07,902 INFO     ___FILE_ONLY___ ═
2025-03-10 13:30:07,905 INFO     ___FILE_ONLY___ ═
2025-03-10 13:30:07,907 INFO     ___FILE_ONLY___ ═
2025-03-10 13:30:07,909 INFO     ___FILE_ONLY___ ═
2025-03-10 13:30:07,911 INFO     ___FILE_ONLY___ ═
2025-03-10 13:30:07,913 INFO     ___FILE_ONLY___ ═
2025-03-10 13:30:07,915 INFO     ___FILE_ONLY___ ═
2025-03-10 13:30:07,918 INFO     ___FILE_ONLY___ ═
2025-03-10 13:30:07,920 INFO     ___FILE_ONLY___ ═
2025-03-10 13:30:07,922 INFO     ___FILE_ONLY___ ═
2025-03-10 13:30:07,926 INFO     ___FILE_ONLY___ ═
2025-03-10 13:30:07,928 INFO     ___FILE_ONLY___ ═
2025-03-10 13:30:07,930 INFO     ___FILE_ONLY___ ═
2025-03-10 13:30:07,933 INFO     ___FILE_ONLY___ ═
2025-03-10 13:30:07,935 INFO     ___FILE_ONLY___ ═
2025-03-10 13:30:07,936 INFO     ___FILE_ONLY___ ═
2025-03-10 13:30:07,938 INFO     ___FILE_ONLY___ ═
2025-03-10 13:30:07,941 INFO     ___FILE_ONLY___ ═
2025-03-10 13:30:07,943 INFO     ___FILE_ONLY___ ═
2025-03-10 13:30:07,946 INFO     ___FILE_ONLY___ ═
2025-03-10 13:30:07,950 INFO     ___FILE_ONLY___ ═
2025-03-10 13:30:07,951 INFO     ___FILE_ONLY___ ═
2025-03-10 13:30:07,954 INFO     ___FILE_ONLY___ ═
2025-03-10 13:30:07,956 INFO     ___FILE_ONLY___ ═
2025-03-10 13:30:07,959 INFO     ___FILE_ONLY___ ═
2025-03-10 13:30:07,962 INFO     ___FILE_ONLY___ ═
2025-03-10 13:30:07,969 INFO     ___FILE_ONLY___ ═
2025-03-10 13:30:07,975 INFO     ___FILE_ONLY___ ═
2025-03-10 13:30:07,980 INFO     ___FILE_ONLY___ ═
2025-03-10 13:30:07,982 INFO     ___FILE_ONLY___ ═
2025-03-10 13:30:07,985 INFO     ___FILE_ONLY___ ═
2025-03-10 13:30:07,987 INFO     ___FILE_ONLY___ ═
2025-03-10 13:30:07,989 INFO     ___FILE_ONLY___ ═
2025-03-10 13:30:07,992 INFO     ___FILE_ONLY___ ═
2025-03-10 13:30:07,997 INFO     ___FILE_ONLY___ ═
2025-03-10 13:30:07,999 INFO     ___FILE_ONLY___ ═
2025-03-10 13:30:08,002 INFO     ___FILE_ONLY___ ═
2025-03-10 13:30:08,004 INFO     ___FILE_ONLY___ ═
2025-03-10 13:30:08,006 INFO     ___FILE_ONLY___ ═
2025-03-10 13:30:08,008 INFO     ___FILE_ONLY___ ═
2025-03-10 13:30:08,012 INFO     ___FILE_ONLY___ ═
2025-03-10 13:30:08,014 INFO     ___FILE_ONLY___ ═
2025-03-10 13:30:08,017 INFO     ___FILE_ONLY___ ═
2025-03-10 13:30:08,019 INFO     ___FILE_ONLY___ ═
2025-03-10 13:30:08,021 INFO     ___FILE_ONLY___ ═
2025-03-10 13:30:08,024 INFO     ___FILE_ONLY___ ═
2025-03-10 13:30:08,026 INFO     ___FILE_ONLY___ ═
2025-03-10 13:30:08,029 INFO     ___FILE_ONLY___ ═
2025-03-10 13:30:08,031 INFO     ___FILE_ONLY___ ═
2025-03-10 13:30:08,033 INFO     ___FILE_ONLY___ ═
2025-03-10 13:30:08,035 INFO     ___FILE_ONLY___ ═
2025-03-10 13:30:08,038 INFO     ___FILE_ONLY___ ═
2025-03-10 13:30:08,038 INFO     ___FILE_ONLY___ ╝

2025-03-10 13:30:08,046 INFO     ___FILE_ONLY___ ╔════════════════════════════════════════════════════════════╗

2025-03-10 13:30:08,046 INFO     ___FILE_ONLY___ ╠═ Installing: BigQuery Command Line Tool (Platform Spec... ═╣

2025-03-10 13:30:08,047 INFO     ___FILE_ONLY___ ╚
2025-03-10 13:30:08,047 INFO     ___FILE_ONLY___ ════════════════════════════════════════════════════════════
2025-03-10 13:30:08,048 INFO     ___FILE_ONLY___ ╝

2025-03-10 13:30:08,052 INFO     ___FILE_ONLY___ ╔════════════════════════════════════════════════════════════╗

2025-03-10 13:30:08,052 INFO     ___FILE_ONLY___ ╠═ Installing: Bundled Python 3.12                          ═╣

2025-03-10 13:30:08,052 INFO     ___FILE_ONLY___ ╚
2025-03-10 13:30:08,056 INFO     ___FILE_ONLY___ ════════════════════════════════════════════════════════════
2025-03-10 13:30:08,056 INFO     ___FILE_ONLY___ ╝

2025-03-10 13:30:08,058 INFO     ___FILE_ONLY___ ╔════════════════════════════════════════════════════════════╗

2025-03-10 13:30:08,059 INFO     ___FILE_ONLY___ ╠═ Installing: Bundled Python 3.12 (Platform Specific)      ═╣

2025-03-10 13:30:08,059 INFO     ___FILE_ONLY___ ╚
2025-03-10 13:30:11,193 INFO     ___FILE_ONLY___ ═
2025-03-10 13:30:11,692 INFO     ___FILE_ONLY___ ═
2025-03-10 13:30:11,714 INFO     ___FILE_ONLY___ ═
2025-03-10 13:30:11,750 INFO     ___FILE_ONLY___ ═
2025-03-10 13:30:11,773 INFO     ___FILE_ONLY___ ═
2025-03-10 13:30:11,790 INFO     ___FILE_ONLY___ ═
2025-03-10 13:30:11,822 INFO     ___FILE_ONLY___ ═
2025-03-10 13:30:11,843 INFO     ___FILE_ONLY___ ═
2025-03-10 13:30:11,864 INFO     ___FILE_ONLY___ ═
2025-03-10 13:30:11,882 INFO     ___FILE_ONLY___ ═
2025-03-10 13:30:11,899 INFO     ___FILE_ONLY___ ═
2025-03-10 13:30:11,926 INFO     ___FILE_ONLY___ ═
2025-03-10 13:30:12,069 INFO     ___FILE_ONLY___ ═
2025-03-10 13:30:12,087 INFO     ___FILE_ONLY___ ═
2025-03-10 13:30:12,105 INFO     ___FILE_ONLY___ ═
2025-03-10 13:30:12,122 INFO     ___FILE_ONLY___ ═
2025-03-10 13:30:12,138 INFO     ___FILE_ONLY___ ═
2025-03-10 13:30:12,157 INFO     ___FILE_ONLY___ ═
2025-03-10 13:30:12,176 INFO     ___FILE_ONLY___ ═
2025-03-10 13:30:12,197 INFO     ___FILE_ONLY___ ═
2025-03-10 13:30:12,214 INFO     ___FILE_ONLY___ ═
2025-03-10 13:30:12,313 INFO     ___FILE_ONLY___ ═
2025-03-10 13:30:12,336 INFO     ___FILE_ONLY___ ═
2025-03-10 13:30:12,846 INFO     ___FILE_ONLY___ ═
2025-03-10 13:30:12,863 INFO     ___FILE_ONLY___ ═
2025-03-10 13:30:12,878 INFO     ___FILE_ONLY___ ═
2025-03-10 13:30:12,892 INFO     ___FILE_ONLY___ ═
2025-03-10 13:30:12,905 INFO     ___FILE_ONLY___ ═
2025-03-10 13:30:12,919 INFO     ___FILE_ONLY___ ═
2025-03-10 13:30:12,933 INFO     ___FILE_ONLY___ ═
2025-03-10 13:30:12,946 INFO     ___FILE_ONLY___ ═
2025-03-10 13:30:12,958 INFO     ___FILE_ONLY___ ═
2025-03-10 13:30:12,972 INFO     ___FILE_ONLY___ ═
2025-03-10 13:30:12,985 INFO     ___FILE_ONLY___ ═
2025-03-10 13:30:12,998 INFO     ___FILE_ONLY___ ═
2025-03-10 13:30:13,012 INFO     ___FILE_ONLY___ ═
2025-03-10 13:30:13,026 INFO     ___FILE_ONLY___ ═
2025-03-10 13:30:13,039 INFO     ___FILE_ONLY___ ═
2025-03-10 13:30:13,052 INFO     ___FILE_ONLY___ ═
2025-03-10 13:30:13,066 INFO     ___FILE_ONLY___ ═
2025-03-10 13:30:13,079 INFO     ___FILE_ONLY___ ═
2025-03-10 13:30:13,093 INFO     ___FILE_ONLY___ ═
2025-03-10 13:30:13,107 INFO     ___FILE_ONLY___ ═
2025-03-10 13:30:13,121 INFO     ___FILE_ONLY___ ═
2025-03-10 13:30:13,134 INFO     ___FILE_ONLY___ ═
2025-03-10 13:30:13,148 INFO     ___FILE_ONLY___ ═
2025-03-10 13:30:13,162 INFO     ___FILE_ONLY___ ═
2025-03-10 13:30:13,176 INFO     ___FILE_ONLY___ ═
2025-03-10 13:30:13,190 INFO     ___FILE_ONLY___ ═
2025-03-10 13:30:13,203 INFO     ___FILE_ONLY___ ═
2025-03-10 13:30:13,216 INFO     ___FILE_ONLY___ ═
2025-03-10 13:30:13,230 INFO     ___FILE_ONLY___ ═
2025-03-10 13:30:13,243 INFO     ___FILE_ONLY___ ═
2025-03-10 13:30:13,256 INFO     ___FILE_ONLY___ ═
2025-03-10 13:30:13,270 INFO     ___FILE_ONLY___ ═
2025-03-10 13:30:13,285 INFO     ___FILE_ONLY___ ═
2025-03-10 13:30:13,299 INFO     ___FILE_ONLY___ ═
2025-03-10 13:30:13,316 INFO     ___FILE_ONLY___ ═
2025-03-10 13:30:13,333 INFO     ___FILE_ONLY___ ═
2025-03-10 13:30:13,349 INFO     ___FILE_ONLY___ ═
2025-03-10 13:30:13,349 INFO     ___FILE_ONLY___ ╝

2025-03-10 13:30:13,413 INFO     ___FILE_ONLY___ ╔════════════════════════════════════════════════════════════╗

2025-03-10 13:30:13,413 INFO     ___FILE_ONLY___ ╠═ Installing: Cloud Storage Command Line Tool              ═╣

2025-03-10 13:30:13,413 INFO     ___FILE_ONLY___ ╚
2025-03-10 13:30:13,966 INFO     ___FILE_ONLY___ ═
2025-03-10 13:30:13,984 INFO     ___FILE_ONLY___ ═
2025-03-10 13:30:14,006 INFO     ___FILE_ONLY___ ═
2025-03-10 13:30:14,023 INFO     ___FILE_ONLY___ ═
2025-03-10 13:30:14,039 INFO     ___FILE_ONLY___ ═
2025-03-10 13:30:14,052 INFO     ___FILE_ONLY___ ═
2025-03-10 13:30:14,066 INFO     ___FILE_ONLY___ ═
2025-03-10 13:30:14,079 INFO     ___FILE_ONLY___ ═
2025-03-10 13:30:14,094 INFO     ___FILE_ONLY___ ═
2025-03-10 13:30:14,108 INFO     ___FILE_ONLY___ ═
2025-03-10 13:30:14,122 INFO     ___FILE_ONLY___ ═
2025-03-10 13:30:14,134 INFO     ___FILE_ONLY___ ═
2025-03-10 13:30:14,144 INFO     ___FILE_ONLY___ ═
2025-03-10 13:30:14,154 INFO     ___FILE_ONLY___ ═
2025-03-10 13:30:14,165 INFO     ___FILE_ONLY___ ═
2025-03-10 13:30:14,176 INFO     ___FILE_ONLY___ ═
2025-03-10 13:30:14,187 INFO     ___FILE_ONLY___ ═
2025-03-10 13:30:14,199 INFO     ___FILE_ONLY___ ═
2025-03-10 13:30:14,210 INFO     ___FILE_ONLY___ ═
2025-03-10 13:30:14,222 INFO     ___FILE_ONLY___ ═
2025-03-10 13:30:14,234 INFO     ___FILE_ONLY___ ═
2025-03-10 13:30:14,249 INFO     ___FILE_ONLY___ ═
2025-03-10 13:30:14,265 INFO     ___FILE_ONLY___ ═
2025-03-10 13:30:14,275 INFO     ___FILE_ONLY___ ═
2025-03-10 13:30:14,288 INFO     ___FILE_ONLY___ ═
2025-03-10 13:30:14,304 INFO     ___FILE_ONLY___ ═
2025-03-10 13:30:14,322 INFO     ___FILE_ONLY___ ═
2025-03-10 13:30:14,341 INFO     ___FILE_ONLY___ ═
2025-03-10 13:30:14,358 INFO     ___FILE_ONLY___ ═
2025-03-10 13:30:14,380 INFO     ___FILE_ONLY___ ═
2025-03-10 13:30:14,394 INFO     ___FILE_ONLY___ ═
2025-03-10 13:30:14,407 INFO     ___FILE_ONLY___ ═
2025-03-10 13:30:14,425 INFO     ___FILE_ONLY___ ═
2025-03-10 13:30:14,439 INFO     ___FILE_ONLY___ ═
2025-03-10 13:30:14,450 INFO     ___FILE_ONLY___ ═
2025-03-10 13:30:14,461 INFO     ___FILE_ONLY___ ═
2025-03-10 13:30:14,472 INFO     ___FILE_ONLY___ ═
2025-03-10 13:30:14,483 INFO     ___FILE_ONLY___ ═
2025-03-10 13:30:14,494 INFO     ___FILE_ONLY___ ═
2025-03-10 13:30:14,507 INFO     ___FILE_ONLY___ ═
2025-03-10 13:30:14,517 INFO     ___FILE_ONLY___ ═
2025-03-10 13:30:14,530 INFO     ___FILE_ONLY___ ═
2025-03-10 13:30:14,541 INFO     ___FILE_ONLY___ ═
2025-03-10 13:30:14,555 INFO     ___FILE_ONLY___ ═
2025-03-10 13:30:14,571 INFO     ___FILE_ONLY___ ═
2025-03-10 13:30:14,584 INFO     ___FILE_ONLY___ ═
2025-03-10 13:30:14,593 INFO     ___FILE_ONLY___ ═
2025-03-10 13:30:14,604 INFO     ___FILE_ONLY___ ═
2025-03-10 13:30:14,615 INFO     ___FILE_ONLY___ ═
2025-03-10 13:30:14,629 INFO     ___FILE_ONLY___ ═
2025-03-10 13:30:14,646 INFO     ___FILE_ONLY___ ═
2025-03-10 13:30:14,658 INFO     ___FILE_ONLY___ ═
2025-03-10 13:30:14,675 INFO     ___FILE_ONLY___ ═
2025-03-10 13:30:14,688 INFO     ___FILE_ONLY___ ═
2025-03-10 13:30:14,726 INFO     ___FILE_ONLY___ ═
2025-03-10 13:30:14,736 INFO     ___FILE_ONLY___ ═
2025-03-10 13:30:14,746 INFO     ___FILE_ONLY___ ═
2025-03-10 13:30:14,758 INFO     ___FILE_ONLY___ ═
2025-03-10 13:30:14,769 INFO     ___FILE_ONLY___ ═
2025-03-10 13:30:14,784 INFO     ___FILE_ONLY___ ═
2025-03-10 13:30:14,784 INFO     ___FILE_ONLY___ ╝

2025-03-10 13:30:14,838 INFO     ___FILE_ONLY___ ╔════════════════════════════════════════════════════════════╗

2025-03-10 13:30:14,838 INFO     ___FILE_ONLY___ ╠═ Installing: Cloud Storage Command Line Tool (Platform... ═╣

2025-03-10 13:30:14,838 INFO     ___FILE_ONLY___ ╚
2025-03-10 13:30:14,839 INFO     ___FILE_ONLY___ ════════════════════════════════════════════════════════════
2025-03-10 13:30:14,839 INFO     ___FILE_ONLY___ ╝

2025-03-10 13:30:14,846 INFO     ___FILE_ONLY___ ╔════════════════════════════════════════════════════════════╗

2025-03-10 13:30:14,846 INFO     ___FILE_ONLY___ ╠═ Installing: Default set of gcloud commands               ═╣

2025-03-10 13:30:14,846 INFO     ___FILE_ONLY___ ╚
2025-03-10 13:30:14,851 INFO     ___FILE_ONLY___ ════════════════════════════════════════════════════════════
2025-03-10 13:30:14,851 INFO     ___FILE_ONLY___ ╝

2025-03-10 13:30:14,853 INFO     ___FILE_ONLY___ ╔════════════════════════════════════════════════════════════╗

2025-03-10 13:30:14,853 INFO     ___FILE_ONLY___ ╠═ Installing: Google Cloud CLI Core Libraries (Platform... ═╣

2025-03-10 13:30:14,853 INFO     ___FILE_ONLY___ ╚
2025-03-10 13:30:14,855 INFO     ___FILE_ONLY___ ══════════════════════════════
2025-03-10 13:30:14,855 INFO     ___FILE_ONLY___ ══════════════════════════════
2025-03-10 13:30:14,855 INFO     ___FILE_ONLY___ ╝

2025-03-10 13:30:14,862 INFO     ___FILE_ONLY___ ╔════════════════════════════════════════════════════════════╗

2025-03-10 13:30:14,862 INFO     ___FILE_ONLY___ ╠═ Installing: Google Cloud CRC32C Hash Tool                ═╣

2025-03-10 13:30:14,863 INFO     ___FILE_ONLY___ ╚
2025-03-10 13:30:14,867 INFO     ___FILE_ONLY___ ════════════════════════════════════════════════════════════
2025-03-10 13:30:14,867 INFO     ___FILE_ONLY___ ╝

2025-03-10 13:30:14,869 INFO     ___FILE_ONLY___ ╔════════════════════════════════════════════════════════════╗

2025-03-10 13:30:14,869 INFO     ___FILE_ONLY___ ╠═ Installing: Google Cloud CRC32C Hash Tool (Platform S... ═╣

2025-03-10 13:30:14,870 INFO     ___FILE_ONLY___ ╚
2025-03-10 13:30:14,914 INFO     ___FILE_ONLY___ ══════════════════════════════
2025-03-10 13:30:14,915 INFO     ___FILE_ONLY___ ══════════════════════════════
2025-03-10 13:30:14,915 INFO     ___FILE_ONLY___ ╝

2025-03-10 13:30:14,920 INFO     ___FILE_ONLY___ ╔════════════════════════════════════════════════════════════╗

2025-03-10 13:30:14,920 INFO     ___FILE_ONLY___ ╠═ Installing: gcloud cli dependencies (Platform Specific)  ═╣

2025-03-10 13:30:14,920 INFO     ___FILE_ONLY___ ╚
2025-03-10 13:30:14,921 INFO     ___FILE_ONLY___ ════════════════════════════════════════════════════════════
2025-03-10 13:30:14,921 INFO     ___FILE_ONLY___ ╝

2025-03-10 13:30:14,926 DEBUG    root            Updating notification cache...
2025-03-10 13:30:14,927 INFO     ___FILE_ONLY___ 

2025-03-10 13:30:14,929 INFO     ___FILE_ONLY___ Performing post processing steps...
2025-03-10 13:30:14,929 DEBUG    root            Executing command: ['/tools/google-cloud-sdk/bin/gcloud', 'components', 'post-process']
2025-03-10 13:30:23,578 DEBUG    ___FILE_ONLY___ 
2025-03-10 13:30:23,578 DEBUG    ___FILE_ONLY___ 
2025-03-10 13:30:23,726 INFO     root            descriptor_list: [{'universeDomain': 'googleapis.com', 'universeShortName': '', 'authenticationDomain': 'auth.cloud.google.com', 'projectPrefix': '', 'cloudWebDomain': 'cloud.google.com', 'documentationDomain': 'cloud.google.com', 'version': '1.0.0', 'state': 'primary', 'artifactRegistryDomain': 'pkg.dev'}]
2025-03-10 13:30:23,727 INFO     ___FILE_ONLY___ 
Update done!


2025-03-10 13:30:23,730 DEBUG    root            Chosen display Format:none
2025-03-10 13:30:23,730 INFO     root            Display format: "none"
