2025-03-10 13:30:24,384 DEBUG    root            Loaded Command Group: ['gcloud', 'components']
2025-03-10 13:30:24,386 DEBUG    root            Loaded Command Group: ['gcloud', 'components', 'update']
2025-03-10 13:30:24,388 DEBUG    root            Running [gcloud.components.update] with arguments: [--quiet: "True", COMPONENT-IDS:8: "['gcloud', 'core', 'bq', 'gsutil', 'compute', 'preview', 'alpha', 'beta']"]
2025-03-10 13:30:24,389 INFO     ___FILE_ONLY___ Beginning update. This process may take several minutes.

2025-03-10 13:30:24,398 DEBUG    urllib3.connectionpool Starting new HTTPS connection (1): dl.google.com:443
2025-03-10 13:30:24,415 DEBUG    urllib3.connectionpool https://dl.google.com:443 "GET /dl/cloudsdk/channels/rapid/components-2.json HTTP/11" 200 226132
2025-03-10 13:30:24,429 WARNING  root            Component [compute] no longer exists.
2025-03-10 13:30:24,430 INFO     ___FILE_ONLY___ 

2025-03-10 13:30:24,431 INFO     ___FILE_ONLY___ 
Your current Google Cloud CLI version is: 513.0.0

2025-03-10 13:30:24,431 INFO     ___FILE_ONLY___ Installing components from version: 513.0.0

2025-03-10 13:30:24,431 INFO     ___FILE_ONLY___ 

2025-03-10 13:30:24,431 DEBUG    root            Chosen display Format:table[box,title="These components will be removed."](details.display_name:label=Name:align=left,version.version_string:label=Version:align=right,data.size.size(zero="",min=1048576):label=Size:align=right)
2025-03-10 13:30:24,432 DEBUG    root            Chosen display Format:table[box,title="These components will be updated."](details.display_name:label=Name:align=left,version.version_string:label=Version:align=right,data.size.size(zero="",min=1048576):label=Size:align=right)
2025-03-10 13:30:24,432 DEBUG    root            Chosen display Format:table[box,title="These components will be installed."](details.display_name:label=Name:align=left,version.version_string:label=Version:align=right,data.size.size(zero="",min=1048576):label=Size:align=right)
2025-03-10 13:30:24,447 INFO     ___FILE_ONLY___ ┌────────────────────────────────────────────────┐
2025-03-10 13:30:24,447 INFO     ___FILE_ONLY___ 

2025-03-10 13:30:24,447 INFO     ___FILE_ONLY___ │      These components will be installed.       │
2025-03-10 13:30:24,447 INFO     ___FILE_ONLY___ 

2025-03-10 13:30:24,447 INFO     ___FILE_ONLY___ ├─────────────────────────┬────────────┬─────────┤
2025-03-10 13:30:24,447 INFO     ___FILE_ONLY___ 

2025-03-10 13:30:24,447 INFO     ___FILE_ONLY___ │           Name          │  Version   │   Size  │
2025-03-10 13:30:24,447 INFO     ___FILE_ONLY___ 

2025-03-10 13:30:24,447 INFO     ___FILE_ONLY___ ├─────────────────────────┼────────────┼─────────┤
2025-03-10 13:30:24,447 INFO     ___FILE_ONLY___ 

2025-03-10 13:30:24,447 INFO     ___FILE_ONLY___ │ 
2025-03-10 13:30:24,447 INFO     ___FILE_ONLY___ gcloud Alpha Commands  
2025-03-10 13:30:24,447 INFO     ___FILE_ONLY___  
2025-03-10 13:30:24,447 INFO     ___FILE_ONLY___ │ 
2025-03-10 13:30:24,448 INFO     ___FILE_ONLY___ 2025.02.28
2025-03-10 13:30:24,448 INFO     ___FILE_ONLY___  
2025-03-10 13:30:24,448 INFO     ___FILE_ONLY___ │ 
2025-03-10 13:30:24,448 INFO     ___FILE_ONLY___ < 1 MiB
2025-03-10 13:30:24,448 INFO     ___FILE_ONLY___  
2025-03-10 13:30:24,448 INFO     ___FILE_ONLY___ │
2025-03-10 13:30:24,448 INFO     ___FILE_ONLY___ 

2025-03-10 13:30:24,448 INFO     ___FILE_ONLY___ │ 
2025-03-10 13:30:24,448 INFO     ___FILE_ONLY___ gcloud Beta Commands   
2025-03-10 13:30:24,448 INFO     ___FILE_ONLY___  
2025-03-10 13:30:24,448 INFO     ___FILE_ONLY___ │ 
2025-03-10 13:30:24,448 INFO     ___FILE_ONLY___ 2025.02.28
2025-03-10 13:30:24,448 INFO     ___FILE_ONLY___  
2025-03-10 13:30:24,448 INFO     ___FILE_ONLY___ │ 
2025-03-10 13:30:24,448 INFO     ___FILE_ONLY___ < 1 MiB
2025-03-10 13:30:24,448 INFO     ___FILE_ONLY___  
2025-03-10 13:30:24,448 INFO     ___FILE_ONLY___ │
2025-03-10 13:30:24,448 INFO     ___FILE_ONLY___ 

2025-03-10 13:30:24,448 INFO     ___FILE_ONLY___ │ 
2025-03-10 13:30:24,448 INFO     ___FILE_ONLY___ gcloud Preview Commands
2025-03-10 13:30:24,449 INFO     ___FILE_ONLY___  
2025-03-10 13:30:24,449 INFO     ___FILE_ONLY___ │ 
2025-03-10 13:30:24,449 INFO     ___FILE_ONLY___           
2025-03-10 13:30:24,449 INFO     ___FILE_ONLY___  
2025-03-10 13:30:24,449 INFO     ___FILE_ONLY___ │ 
2025-03-10 13:30:24,449 INFO     ___FILE_ONLY___ < 1 MiB
2025-03-10 13:30:24,449 INFO     ___FILE_ONLY___  
2025-03-10 13:30:24,449 INFO     ___FILE_ONLY___ │
2025-03-10 13:30:24,449 INFO     ___FILE_ONLY___ 

2025-03-10 13:30:24,449 INFO     ___FILE_ONLY___ └─────────────────────────┴────────────┴─────────┘
2025-03-10 13:30:24,449 INFO     ___FILE_ONLY___ 

2025-03-10 13:30:24,449 INFO     ___FILE_ONLY___ 

2025-03-10 13:30:24,452 DEBUG    urllib3.connectionpool Starting new HTTPS connection (1): dl.google.com:443
2025-03-10 13:30:24,468 DEBUG    urllib3.connectionpool https://dl.google.com:443 "GET /dl/cloudsdk/channels/rapid/RELEASE_NOTES HTTP/11" 200 1374936
2025-03-10 13:30:24,930 INFO     ___FILE_ONLY___ For the latest full release notes, please visit:
  https://cloud.google.com/sdk/release_notes


2025-03-10 13:30:24,930 INFO     ___FILE_ONLY___ Performing in place update...


2025-03-10 13:30:24,932 INFO     ___FILE_ONLY___ ╔════════════════════════════════════════════════════════════╗

2025-03-10 13:30:24,932 INFO     ___FILE_ONLY___ ╠═ Downloading: gcloud Alpha Commands                       ═╣

2025-03-10 13:30:24,932 INFO     ___FILE_ONLY___ ╚
2025-03-10 13:30:24,936 DEBUG    urllib3.connectionpool Starting new HTTPS connection (1): dl.google.com:443
2025-03-10 13:30:24,982 DEBUG    urllib3.connectionpool https://dl.google.com:443 "GET /dl/cloudsdk/channels/rapid/components/google-cloud-sdk-alpha-20250228155416.tar.gz HTTP/11" 200 800
2025-03-10 13:30:24,983 INFO     ___FILE_ONLY___ ════════════════════════════════════════════════════════════
2025-03-10 13:30:24,983 INFO     ___FILE_ONLY___ ╝

2025-03-10 13:30:24,985 INFO     ___FILE_ONLY___ ╔════════════════════════════════════════════════════════════╗

2025-03-10 13:30:24,985 INFO     ___FILE_ONLY___ ╠═ Downloading: gcloud Beta Commands                        ═╣

2025-03-10 13:30:24,985 INFO     ___FILE_ONLY___ ╚
2025-03-10 13:30:24,989 DEBUG    urllib3.connectionpool Starting new HTTPS connection (1): dl.google.com:443
2025-03-10 13:30:25,004 DEBUG    urllib3.connectionpool https://dl.google.com:443 "GET /dl/cloudsdk/channels/rapid/components/google-cloud-sdk-beta-20250228155416.tar.gz HTTP/11" 200 797
2025-03-10 13:30:25,005 INFO     ___FILE_ONLY___ ════════════════════════════════════════════════════════════
2025-03-10 13:30:25,005 INFO     ___FILE_ONLY___ ╝

2025-03-10 13:30:25,007 INFO     ___FILE_ONLY___ ╔════════════════════════════════════════════════════════════╗

2025-03-10 13:30:25,007 INFO     ___FILE_ONLY___ ╠═ Downloading: gcloud Preview Commands                     ═╣

2025-03-10 13:30:25,007 INFO     ___FILE_ONLY___ ╚
2025-03-10 13:30:25,011 DEBUG    urllib3.connectionpool Starting new HTTPS connection (1): dl.google.com:443
2025-03-10 13:30:25,125 DEBUG    urllib3.connectionpool https://dl.google.com:443 "GET /dl/cloudsdk/channels/rapid/components/google-cloud-sdk-preview-20241115154308.tar.gz HTTP/11" 200 823
2025-03-10 13:30:25,125 INFO     ___FILE_ONLY___ ════════════════════════════════════════════════════════════
2025-03-10 13:30:25,125 INFO     ___FILE_ONLY___ ╝

2025-03-10 13:30:25,127 INFO     ___FILE_ONLY___ ╔════════════════════════════════════════════════════════════╗

2025-03-10 13:30:25,127 INFO     ___FILE_ONLY___ ╠═ Installing: gcloud Alpha Commands                        ═╣

2025-03-10 13:30:25,127 INFO     ___FILE_ONLY___ ╚
2025-03-10 13:30:25,128 INFO     ___FILE_ONLY___ ════════════════════════════════════════════════════════════
2025-03-10 13:30:25,129 INFO     ___FILE_ONLY___ ╝

2025-03-10 13:30:25,134 INFO     ___FILE_ONLY___ ╔════════════════════════════════════════════════════════════╗

2025-03-10 13:30:25,134 INFO     ___FILE_ONLY___ ╠═ Installing: gcloud Beta Commands                         ═╣

2025-03-10 13:30:25,134 INFO     ___FILE_ONLY___ ╚
2025-03-10 13:30:25,135 INFO     ___FILE_ONLY___ ════════════════════════════════════════════════════════════
2025-03-10 13:30:25,135 INFO     ___FILE_ONLY___ ╝

2025-03-10 13:30:25,140 INFO     ___FILE_ONLY___ ╔════════════════════════════════════════════════════════════╗

2025-03-10 13:30:25,140 INFO     ___FILE_ONLY___ ╠═ Installing: gcloud Preview Commands                      ═╣

2025-03-10 13:30:25,140 INFO     ___FILE_ONLY___ ╚
2025-03-10 13:30:25,141 INFO     ___FILE_ONLY___ ════════════════════════════════════════════════════════════
2025-03-10 13:30:25,141 INFO     ___FILE_ONLY___ ╝

2025-03-10 13:30:25,146 DEBUG    root            Updating notification cache...
2025-03-10 13:30:25,147 INFO     ___FILE_ONLY___ 

2025-03-10 13:30:25,149 INFO     ___FILE_ONLY___ Performing post processing steps...
2025-03-10 13:30:25,149 DEBUG    root            Executing command: ['/tools/google-cloud-sdk/bin/gcloud', 'components', 'post-process']
2025-03-10 13:30:33,449 DEBUG    ___FILE_ONLY___ 
2025-03-10 13:30:33,449 DEBUG    ___FILE_ONLY___ 
2025-03-10 13:30:33,668 INFO     root            descriptor_list: [{'universeDomain': 'googleapis.com', 'universeShortName': '', 'authenticationDomain': 'auth.cloud.google.com', 'projectPrefix': '', 'cloudWebDomain': 'cloud.google.com', 'documentationDomain': 'cloud.google.com', 'version': '1.0.0', 'state': 'primary', 'artifactRegistryDomain': 'pkg.dev'}]
2025-03-10 13:30:33,669 INFO     ___FILE_ONLY___ 
Update done!


2025-03-10 13:30:33,671 DEBUG    root            Chosen display Format:none
2025-03-10 13:30:33,672 INFO     root            Display format: "none"
